INFO - 2024-09-03 09:57:42 --> Session: Class initialized using 'CodeIgniter\Session\Handlers\FileHandler' driver.
ERROR - 2024-09-03 09:57:50 --> mysqli_sql_exception: Column 'id' in where clause is ambiguous in C:\xampp\htdocs\Projeto-Web\system\Database\MySQLi\Connection.php:306
Stack trace:
#0 C:\xampp\htdocs\Projeto-Web\system\Database\MySQLi\Connection.php(306): mysqli->query('SELECT `produto...', 0)
#1 C:\xampp\htdocs\Projeto-Web\system\Database\BaseConnection.php(692): CodeIgniter\Database\MySQLi\Connection->execute('SELECT `produto...')
#2 C:\xampp\htdocs\Projeto-Web\system\Database\BaseConnection.php(606): CodeIgniter\Database\BaseConnection->simpleQuery('SELECT `produto...')
#3 C:\xampp\htdocs\Projeto-Web\system\Database\BaseBuilder.php(1615): CodeIgniter\Database\BaseConnection->query('SELECT `produto...', Array, false)
#4 C:\xampp\htdocs\Projeto-Web\system\Model.php(237): CodeIgniter\Database\BaseBuilder->get()
#5 C:\xampp\htdocs\Projeto-Web\system\BaseModel.php(624): CodeIgniter\Model->doFindAll(0, 0)
#6 C:\xampp\htdocs\Projeto-Web\app\Models\ProdutoModel.php(118): CodeIgniter\BaseModel->findAll()
#7 C:\xampp\htdocs\Projeto-Web\app\Controllers\Produto.php(67): App\Models\ProdutoModel->exibeProdutosParaCustomizarSegundaMetade(3, 1)
#8 C:\xampp\htdocs\Projeto-Web\system\CodeIgniter.php(919): App\Controllers\Produto->procurar()
#9 C:\xampp\htdocs\Projeto-Web\system\CodeIgniter.php(494): CodeIgniter\CodeIgniter->runController(Object(App\Controllers\Produto))
#10 C:\xampp\htdocs\Projeto-Web\system\CodeIgniter.php(353): CodeIgniter\CodeIgniter->handleRequest(NULL, Object(Config\Cache), false)
#11 C:\xampp\htdocs\Projeto-Web\public\index.php(79): CodeIgniter\CodeIgniter->run()
#12 C:\xampp\htdocs\Projeto-Web\system\Commands\Server\rewrite.php(47): require_once('C:\\xampp\\htdocs...')
#13 {main}
CRITICAL - 2024-09-03 09:57:50 --> Column 'id' in where clause is ambiguous
in SYSTEMPATH\Database\BaseConnection.php on line 646.
 1 SYSTEMPATH\Database\BaseBuilder.php(1615): CodeIgniter\Database\BaseConnection->query('SELECT `produtos`.`id`, `produtos`.`nome`
FROM `produtos`
JOIN `produtos_especificacoes` ON `produtos_especificacoes`.`produto_id` = `produtos`.`id`
JOIN `categorias` ON `categorias`.`id` = `produtos`.`categoria_id`
WHERE `id` = :id:
AND `produtos`.`categoria_id` = :produtos.categoria_id:
AND `produtos`.`id` != :produtos.id:
AND `produtos`.`ativo` = :produtos.ativo:
AND `produtos_especificacoes`.`customizavel` = :produtos_especificacoes.customizavel:
AND `produtos`.`deletado_em` IS NULL
GROUP BY `produtos`.`nome`', [...], false)
 2 SYSTEMPATH\Model.php(237): CodeIgniter\Database\BaseBuilder->get()
 3 SYSTEMPATH\BaseModel.php(624): CodeIgniter\Model->doFindAll(0, 0)
 4 APPPATH\Models\ProdutoModel.php(118): CodeIgniter\BaseModel->findAll()
 5 APPPATH\Controllers\Produto.php(67): App\Models\ProdutoModel->exibeProdutosParaCustomizarSegundaMetade(3, 1)
 6 SYSTEMPATH\CodeIgniter.php(919): App\Controllers\Produto->procurar()
 7 SYSTEMPATH\CodeIgniter.php(494): CodeIgniter\CodeIgniter->runController(Object(App\Controllers\Produto))
 8 SYSTEMPATH\CodeIgniter.php(353): CodeIgniter\CodeIgniter->handleRequest(null, Object(Config\Cache), false)
 9 FCPATH\index.php(79): CodeIgniter\CodeIgniter->run()
10 SYSTEMPATH\Commands\Server\rewrite.php(47): require_once('C:\\xampp\\htdocs\\Projeto-Web\\public\\index.php')
INFO - 2024-09-03 09:59:33 --> Session: Class initialized using 'CodeIgniter\Session\Handlers\FileHandler' driver.
INFO - 2024-09-03 09:59:36 --> Session: Class initialized using 'CodeIgniter\Session\Handlers\FileHandler' driver.
ERROR - 2024-09-03 09:59:41 --> mysqli_sql_exception: Column 'id' in where clause is ambiguous in C:\xampp\htdocs\Projeto-Web\system\Database\MySQLi\Connection.php:306
Stack trace:
#0 C:\xampp\htdocs\Projeto-Web\system\Database\MySQLi\Connection.php(306): mysqli->query('SELECT `produto...', 0)
#1 C:\xampp\htdocs\Projeto-Web\system\Database\BaseConnection.php(692): CodeIgniter\Database\MySQLi\Connection->execute('SELECT `produto...')
#2 C:\xampp\htdocs\Projeto-Web\system\Database\BaseConnection.php(606): CodeIgniter\Database\BaseConnection->simpleQuery('SELECT `produto...')
#3 C:\xampp\htdocs\Projeto-Web\system\Database\BaseBuilder.php(1615): CodeIgniter\Database\BaseConnection->query('SELECT `produto...', Array, false)
#4 C:\xampp\htdocs\Projeto-Web\system\Model.php(237): CodeIgniter\Database\BaseBuilder->get()
#5 C:\xampp\htdocs\Projeto-Web\system\BaseModel.php(624): CodeIgniter\Model->doFindAll(0, 0)
#6 C:\xampp\htdocs\Projeto-Web\app\Models\ProdutoModel.php(118): CodeIgniter\BaseModel->findAll()
#7 C:\xampp\htdocs\Projeto-Web\app\Controllers\Produto.php(67): App\Models\ProdutoModel->exibeProdutosParaCustomizarSegundaMetade(3, 1)
#8 C:\xampp\htdocs\Projeto-Web\system\CodeIgniter.php(919): App\Controllers\Produto->procurar()
#9 C:\xampp\htdocs\Projeto-Web\system\CodeIgniter.php(494): CodeIgniter\CodeIgniter->runController(Object(App\Controllers\Produto))
#10 C:\xampp\htdocs\Projeto-Web\system\CodeIgniter.php(353): CodeIgniter\CodeIgniter->handleRequest(NULL, Object(Config\Cache), false)
#11 C:\xampp\htdocs\Projeto-Web\public\index.php(79): CodeIgniter\CodeIgniter->run()
#12 C:\xampp\htdocs\Projeto-Web\system\Commands\Server\rewrite.php(47): require_once('C:\\xampp\\htdocs...')
#13 {main}
CRITICAL - 2024-09-03 09:59:41 --> Column 'id' in where clause is ambiguous
in SYSTEMPATH\Database\BaseConnection.php on line 646.
 1 SYSTEMPATH\Database\BaseBuilder.php(1615): CodeIgniter\Database\BaseConnection->query('SELECT `produtos`.`id`, `produtos`.`nome`
FROM `produtos`
JOIN `produtos_especificacoes` ON `produtos_especificacoes`.`produto_id` = `produtos`.`id`
JOIN `categorias` ON `categorias`.`id` = `produtos`.`categoria_id`
WHERE `id` = :id:
AND `produtos`.`categoria_id` = :produtos.categoria_id:
AND `produtos`.`id` != :produtos.id:
AND `produtos`.`ativo` = :produtos.ativo:
AND `produtos_especificacoes`.`customizavel` = :produtos_especificacoes.customizavel:
AND `produtos`.`deletado_em` IS NULL
GROUP BY `produtos`.`nome`', [...], false)
 2 SYSTEMPATH\Model.php(237): CodeIgniter\Database\BaseBuilder->get()
 3 SYSTEMPATH\BaseModel.php(624): CodeIgniter\Model->doFindAll(0, 0)
 4 APPPATH\Models\ProdutoModel.php(118): CodeIgniter\BaseModel->findAll()
 5 APPPATH\Controllers\Produto.php(67): App\Models\ProdutoModel->exibeProdutosParaCustomizarSegundaMetade(3, 1)
 6 SYSTEMPATH\CodeIgniter.php(919): App\Controllers\Produto->procurar()
 7 SYSTEMPATH\CodeIgniter.php(494): CodeIgniter\CodeIgniter->runController(Object(App\Controllers\Produto))
 8 SYSTEMPATH\CodeIgniter.php(353): CodeIgniter\CodeIgniter->handleRequest(null, Object(Config\Cache), false)
 9 FCPATH\index.php(79): CodeIgniter\CodeIgniter->run()
10 SYSTEMPATH\Commands\Server\rewrite.php(47): require_once('C:\\xampp\\htdocs\\Projeto-Web\\public\\index.php')
ERROR - 2024-09-03 09:59:45 --> mysqli_sql_exception: Column 'id' in where clause is ambiguous in C:\xampp\htdocs\Projeto-Web\system\Database\MySQLi\Connection.php:306
Stack trace:
#0 C:\xampp\htdocs\Projeto-Web\system\Database\MySQLi\Connection.php(306): mysqli->query('SELECT `produto...', 0)
#1 C:\xampp\htdocs\Projeto-Web\system\Database\BaseConnection.php(692): CodeIgniter\Database\MySQLi\Connection->execute('SELECT `produto...')
#2 C:\xampp\htdocs\Projeto-Web\system\Database\BaseConnection.php(606): CodeIgniter\Database\BaseConnection->simpleQuery('SELECT `produto...')
#3 C:\xampp\htdocs\Projeto-Web\system\Database\BaseBuilder.php(1615): CodeIgniter\Database\BaseConnection->query('SELECT `produto...', Array, false)
#4 C:\xampp\htdocs\Projeto-Web\system\Model.php(237): CodeIgniter\Database\BaseBuilder->get()
#5 C:\xampp\htdocs\Projeto-Web\system\BaseModel.php(624): CodeIgniter\Model->doFindAll(0, 0)
#6 C:\xampp\htdocs\Projeto-Web\app\Models\ProdutoModel.php(118): CodeIgniter\BaseModel->findAll()
#7 C:\xampp\htdocs\Projeto-Web\app\Controllers\Produto.php(67): App\Models\ProdutoModel->exibeProdutosParaCustomizarSegundaMetade(1, 1)
#8 C:\xampp\htdocs\Projeto-Web\system\CodeIgniter.php(919): App\Controllers\Produto->procurar()
#9 C:\xampp\htdocs\Projeto-Web\system\CodeIgniter.php(494): CodeIgniter\CodeIgniter->runController(Object(App\Controllers\Produto))
#10 C:\xampp\htdocs\Projeto-Web\system\CodeIgniter.php(353): CodeIgniter\CodeIgniter->handleRequest(NULL, Object(Config\Cache), false)
#11 C:\xampp\htdocs\Projeto-Web\public\index.php(79): CodeIgniter\CodeIgniter->run()
#12 C:\xampp\htdocs\Projeto-Web\system\Commands\Server\rewrite.php(47): require_once('C:\\xampp\\htdocs...')
#13 {main}
CRITICAL - 2024-09-03 09:59:45 --> Column 'id' in where clause is ambiguous
in SYSTEMPATH\Database\BaseConnection.php on line 646.
 1 SYSTEMPATH\Database\BaseBuilder.php(1615): CodeIgniter\Database\BaseConnection->query('SELECT `produtos`.`id`, `produtos`.`nome`
FROM `produtos`
JOIN `produtos_especificacoes` ON `produtos_especificacoes`.`produto_id` = `produtos`.`id`
JOIN `categorias` ON `categorias`.`id` = `produtos`.`categoria_id`
WHERE `id` = :id:
AND `produtos`.`categoria_id` = :produtos.categoria_id:
AND `produtos`.`id` != :produtos.id:
AND `produtos`.`ativo` = :produtos.ativo:
AND `produtos_especificacoes`.`customizavel` = :produtos_especificacoes.customizavel:
AND `produtos`.`deletado_em` IS NULL
GROUP BY `produtos`.`nome`', [...], false)
 2 SYSTEMPATH\Model.php(237): CodeIgniter\Database\BaseBuilder->get()
 3 SYSTEMPATH\BaseModel.php(624): CodeIgniter\Model->doFindAll(0, 0)
 4 APPPATH\Models\ProdutoModel.php(118): CodeIgniter\BaseModel->findAll()
 5 APPPATH\Controllers\Produto.php(67): App\Models\ProdutoModel->exibeProdutosParaCustomizarSegundaMetade(1, 1)
 6 SYSTEMPATH\CodeIgniter.php(919): App\Controllers\Produto->procurar()
 7 SYSTEMPATH\CodeIgniter.php(494): CodeIgniter\CodeIgniter->runController(Object(App\Controllers\Produto))
 8 SYSTEMPATH\CodeIgniter.php(353): CodeIgniter\CodeIgniter->handleRequest(null, Object(Config\Cache), false)
 9 FCPATH\index.php(79): CodeIgniter\CodeIgniter->run()
10 SYSTEMPATH\Commands\Server\rewrite.php(47): require_once('C:\\xampp\\htdocs\\Projeto-Web\\public\\index.php')
