INFO - 2024-08-19 20:18:12 --> Session: Class initialized using 'CodeIgniter\Session\Handlers\FileHandler' driver.
INFO - 2024-08-19 20:21:14 --> CSRF token verified.
INFO - 2024-08-19 20:21:15 --> Session: Class initialized using 'CodeIgniter\Session\Handlers\FileHandler' driver.
INFO - 2024-08-19 20:21:16 --> Session: Class initialized using 'CodeIgniter\Session\Handlers\FileHandler' driver.
INFO - 2024-08-19 20:21:16 --> CSRF token verified.
INFO - 2024-08-19 20:21:16 --> Session: Class initialized using 'CodeIgniter\Session\Handlers\FileHandler' driver.
INFO - 2024-08-19 20:21:16 --> Session: Class initialized using 'CodeIgniter\Session\Handlers\FileHandler' driver.
INFO - 2024-08-19 20:21:39 --> CSRF token verified.
INFO - 2024-08-19 20:21:39 --> Session: Class initialized using 'CodeIgniter\Session\Handlers\FileHandler' driver.
INFO - 2024-08-19 20:21:40 --> Session: Class initialized using 'CodeIgniter\Session\Handlers\FileHandler' driver.
INFO - 2024-08-19 20:21:43 --> Session: Class initialized using 'CodeIgniter\Session\Handlers\FileHandler' driver.
INFO - 2024-08-19 20:21:47 --> Session: Class initialized using 'CodeIgniter\Session\Handlers\FileHandler' driver.
INFO - 2024-08-19 20:21:48 --> Session: Class initialized using 'CodeIgniter\Session\Handlers\FileHandler' driver.
INFO - 2024-08-19 20:21:49 --> Session: Class initialized using 'CodeIgniter\Session\Handlers\FileHandler' driver.
INFO - 2024-08-19 20:21:49 --> Session: Class initialized using 'CodeIgniter\Session\Handlers\FileHandler' driver.
INFO - 2024-08-19 20:21:49 --> Session: Class initialized using 'CodeIgniter\Session\Handlers\FileHandler' driver.
INFO - 2024-08-19 20:21:50 --> Session: Class initialized using 'CodeIgniter\Session\Handlers\FileHandler' driver.
INFO - 2024-08-19 20:21:50 --> Session: Class initialized using 'CodeIgniter\Session\Handlers\FileHandler' driver.
INFO - 2024-08-19 20:22:24 --> CSRF token verified.
INFO - 2024-08-19 20:22:24 --> Session: Class initialized using 'CodeIgniter\Session\Handlers\FileHandler' driver.
INFO - 2024-08-19 20:22:24 --> Session: Class initialized using 'CodeIgniter\Session\Handlers\FileHandler' driver.
INFO - 2024-08-19 20:22:25 --> Session: Class initialized using 'CodeIgniter\Session\Handlers\FileHandler' driver.
CRITICAL - 2024-08-19 20:22:25 --> Argument 1 passed to App\Controllers\Admin\Usuarios::buscaUsuarioOu404() must be of the type int or null, string given, called in C:\xampp\htdocs\Projeto-Web\app\Controllers\Admin\Usuarios.php on line 93
in APPPATH\Controllers\Admin\Usuarios.php on line 213.
 1 APPPATH\Controllers\Admin\Usuarios.php(93): App\Controllers\Admin\Usuarios->buscaUsuarioOu404('images')
 2 SYSTEMPATH\CodeIgniter.php(919): App\Controllers\Admin\Usuarios->show('images', 'logoPizza.jpg')
 3 SYSTEMPATH\CodeIgniter.php(494): CodeIgniter\CodeIgniter->runController(Object(App\Controllers\Admin\Usuarios))
 4 SYSTEMPATH\CodeIgniter.php(353): CodeIgniter\CodeIgniter->handleRequest(null, Object(Config\Cache), false)
 5 FCPATH\index.php(79): CodeIgniter\CodeIgniter->run()
 6 SYSTEMPATH\Commands\Server\rewrite.php(47): require_once('C:\\xampp\\htdocs\\Projeto-Web\\public\\index.php')
INFO - 2024-08-19 20:22:25 --> Session: Class initialized using 'CodeIgniter\Session\Handlers\FileHandler' driver.
CRITICAL - 2024-08-19 20:22:25 --> Argument 1 passed to App\Controllers\Admin\Usuarios::buscaUsuarioOu404() must be of the type int or null, string given, called in C:\xampp\htdocs\Projeto-Web\app\Controllers\Admin\Usuarios.php on line 93
in APPPATH\Controllers\Admin\Usuarios.php on line 213.
 1 APPPATH\Controllers\Admin\Usuarios.php(93): App\Controllers\Admin\Usuarios->buscaUsuarioOu404('images')
 2 SYSTEMPATH\CodeIgniter.php(919): App\Controllers\Admin\Usuarios->show('images', 'logoPizzaSem.png')
 3 SYSTEMPATH\CodeIgniter.php(494): CodeIgniter\CodeIgniter->runController(Object(App\Controllers\Admin\Usuarios))
 4 SYSTEMPATH\CodeIgniter.php(353): CodeIgniter\CodeIgniter->handleRequest(null, Object(Config\Cache), false)
 5 FCPATH\index.php(79): CodeIgniter\CodeIgniter->run()
 6 SYSTEMPATH\Commands\Server\rewrite.php(47): require_once('C:\\xampp\\htdocs\\Projeto-Web\\public\\index.php')
INFO - 2024-08-19 20:22:26 --> Session: Class initialized using 'CodeIgniter\Session\Handlers\FileHandler' driver.
CRITICAL - 2024-08-19 20:22:26 --> Argument 1 passed to App\Controllers\Admin\Usuarios::buscaUsuarioOu404() must be of the type int or null, string given, called in C:\xampp\htdocs\Projeto-Web\app\Controllers\Admin\Usuarios.php on line 93
in APPPATH\Controllers\Admin\Usuarios.php on line 213.
 1 APPPATH\Controllers\Admin\Usuarios.php(93): App\Controllers\Admin\Usuarios->buscaUsuarioOu404('images')
 2 SYSTEMPATH\CodeIgniter.php(919): App\Controllers\Admin\Usuarios->show('images', 'faces', 'face4.jpg')
 3 SYSTEMPATH\CodeIgniter.php(494): CodeIgniter\CodeIgniter->runController(Object(App\Controllers\Admin\Usuarios))
 4 SYSTEMPATH\CodeIgniter.php(353): CodeIgniter\CodeIgniter->handleRequest(null, Object(Config\Cache), false)
 5 FCPATH\index.php(79): CodeIgniter\CodeIgniter->run()
 6 SYSTEMPATH\Commands\Server\rewrite.php(47): require_once('C:\\xampp\\htdocs\\Projeto-Web\\public\\index.php')
INFO - 2024-08-19 20:22:26 --> Session: Class initialized using 'CodeIgniter\Session\Handlers\FileHandler' driver.
CRITICAL - 2024-08-19 20:22:26 --> Argument 1 passed to App\Controllers\Admin\Usuarios::buscaUsuarioOu404() must be of the type int or null, string given, called in C:\xampp\htdocs\Projeto-Web\app\Controllers\Admin\Usuarios.php on line 93
in APPPATH\Controllers\Admin\Usuarios.php on line 213.
 1 APPPATH\Controllers\Admin\Usuarios.php(93): App\Controllers\Admin\Usuarios->buscaUsuarioOu404('images')
 2 SYSTEMPATH\CodeIgniter.php(919): App\Controllers\Admin\Usuarios->show('images', 'faces', 'face2.jpg')
 3 SYSTEMPATH\CodeIgniter.php(494): CodeIgniter\CodeIgniter->runController(Object(App\Controllers\Admin\Usuarios))
 4 SYSTEMPATH\CodeIgniter.php(353): CodeIgniter\CodeIgniter->handleRequest(null, Object(Config\Cache), false)
 5 FCPATH\index.php(79): CodeIgniter\CodeIgniter->run()
 6 SYSTEMPATH\Commands\Server\rewrite.php(47): require_once('C:\\xampp\\htdocs\\Projeto-Web\\public\\index.php')
INFO - 2024-08-19 20:22:26 --> Session: Class initialized using 'CodeIgniter\Session\Handlers\FileHandler' driver.
CRITICAL - 2024-08-19 20:22:26 --> Argument 1 passed to App\Controllers\Admin\Usuarios::buscaUsuarioOu404() must be of the type int or null, string given, called in C:\xampp\htdocs\Projeto-Web\app\Controllers\Admin\Usuarios.php on line 93
in APPPATH\Controllers\Admin\Usuarios.php on line 213.
 1 APPPATH\Controllers\Admin\Usuarios.php(93): App\Controllers\Admin\Usuarios->buscaUsuarioOu404('images')
 2 SYSTEMPATH\CodeIgniter.php(919): App\Controllers\Admin\Usuarios->show('images', 'faces', 'face3.jpg')
 3 SYSTEMPATH\CodeIgniter.php(494): CodeIgniter\CodeIgniter->runController(Object(App\Controllers\Admin\Usuarios))
 4 SYSTEMPATH\CodeIgniter.php(353): CodeIgniter\CodeIgniter->handleRequest(null, Object(Config\Cache), false)
 5 FCPATH\index.php(79): CodeIgniter\CodeIgniter->run()
 6 SYSTEMPATH\Commands\Server\rewrite.php(47): require_once('C:\\xampp\\htdocs\\Projeto-Web\\public\\index.php')
INFO - 2024-08-19 20:22:27 --> Session: Class initialized using 'CodeIgniter\Session\Handlers\FileHandler' driver.
CRITICAL - 2024-08-19 20:22:27 --> Argument 1 passed to App\Controllers\Admin\Usuarios::buscaUsuarioOu404() must be of the type int or null, string given, called in C:\xampp\htdocs\Projeto-Web\app\Controllers\Admin\Usuarios.php on line 93
in APPPATH\Controllers\Admin\Usuarios.php on line 213.
 1 APPPATH\Controllers\Admin\Usuarios.php(93): App\Controllers\Admin\Usuarios->buscaUsuarioOu404('images')
 2 SYSTEMPATH\CodeIgniter.php(919): App\Controllers\Admin\Usuarios->show('images', 'faces', 'face5.jpg')
 3 SYSTEMPATH\CodeIgniter.php(494): CodeIgniter\CodeIgniter->runController(Object(App\Controllers\Admin\Usuarios))
 4 SYSTEMPATH\CodeIgniter.php(353): CodeIgniter\CodeIgniter->handleRequest(null, Object(Config\Cache), false)
 5 FCPATH\index.php(79): CodeIgniter\CodeIgniter->run()
 6 SYSTEMPATH\Commands\Server\rewrite.php(47): require_once('C:\\xampp\\htdocs\\Projeto-Web\\public\\index.php')
INFO - 2024-08-19 20:22:30 --> Session: Class initialized using 'CodeIgniter\Session\Handlers\FileHandler' driver.
INFO - 2024-08-19 20:22:30 --> Session: Class initialized using 'CodeIgniter\Session\Handlers\FileHandler' driver.
INFO - 2024-08-19 20:22:30 --> Session: Class initialized using 'CodeIgniter\Session\Handlers\FileHandler' driver.
INFO - 2024-08-19 20:22:40 --> CSRF token verified.
INFO - 2024-08-19 20:22:40 --> Session: Class initialized using 'CodeIgniter\Session\Handlers\FileHandler' driver.
INFO - 2024-08-19 20:22:41 --> Session: Class initialized using 'CodeIgniter\Session\Handlers\FileHandler' driver.
CRITICAL - 2024-08-19 20:22:44 --> finfo::file(C:\xampp\htdocs\Projeto-Web\writable\uploads/produtos/1712692013_a81b0813dae9cc1f3620.jpg): failed to open stream: No such file or directory
in APPPATH\Controllers\Produto.php on line 44.
 1 [internal function]: CodeIgniter\Debug\Exceptions->errorHandler(2, 'finfo::file(C:\\xampp\\htdocs\\Projeto-Web\\writable\\uploads/produtos/1712692013_a81b0813dae9cc1f3620.jpg): failed to open stream: No such file or directory', 'C:\\xampp\\htdocs\\Projeto-Web\\app\\Controllers\\Produto.php', 44, [...])
 2 APPPATH\Controllers\Produto.php(44): finfo->file('C:\\xampp\\htdocs\\Projeto-Web\\writable\\uploads/produtos/1712692013_a81b0813dae9cc1f3620.jpg')
 3 SYSTEMPATH\CodeIgniter.php(919): App\Controllers\Produto->imagem('1712692013_a81b0813dae9cc1f3620.jpg')
 4 SYSTEMPATH\CodeIgniter.php(494): CodeIgniter\CodeIgniter->runController(Object(App\Controllers\Produto))
 5 SYSTEMPATH\CodeIgniter.php(353): CodeIgniter\CodeIgniter->handleRequest(null, Object(Config\Cache), false)
 6 FCPATH\index.php(79): CodeIgniter\CodeIgniter->run()
 7 SYSTEMPATH\Commands\Server\rewrite.php(47): require_once('C:\\xampp\\htdocs\\Projeto-Web\\public\\index.php')
CRITICAL - 2024-08-19 20:22:44 --> finfo::file(C:\xampp\htdocs\Projeto-Web\writable\uploads/produtos/1712879748_755278b63483ddd380e2.jpg): failed to open stream: No such file or directory
in APPPATH\Controllers\Produto.php on line 44.
 1 [internal function]: CodeIgniter\Debug\Exceptions->errorHandler(2, 'finfo::file(C:\\xampp\\htdocs\\Projeto-Web\\writable\\uploads/produtos/1712879748_755278b63483ddd380e2.jpg): failed to open stream: No such file or directory', 'C:\\xampp\\htdocs\\Projeto-Web\\app\\Controllers\\Produto.php', 44, [...])
 2 APPPATH\Controllers\Produto.php(44): finfo->file('C:\\xampp\\htdocs\\Projeto-Web\\writable\\uploads/produtos/1712879748_755278b63483ddd380e2.jpg')
 3 SYSTEMPATH\CodeIgniter.php(919): App\Controllers\Produto->imagem('1712879748_755278b63483ddd380e2.jpg')
 4 SYSTEMPATH\CodeIgniter.php(494): CodeIgniter\CodeIgniter->runController(Object(App\Controllers\Produto))
 5 SYSTEMPATH\CodeIgniter.php(353): CodeIgniter\CodeIgniter->handleRequest(null, Object(Config\Cache), false)
 6 FCPATH\index.php(79): CodeIgniter\CodeIgniter->run()
 7 SYSTEMPATH\Commands\Server\rewrite.php(47): require_once('C:\\xampp\\htdocs\\Projeto-Web\\public\\index.php')
CRITICAL - 2024-08-19 20:22:44 --> finfo::file(C:\xampp\htdocs\Projeto-Web\writable\uploads/produtos/1722469538_b91943fa98ad68268246.jpg): failed to open stream: No such file or directory
in APPPATH\Controllers\Produto.php on line 44.
 1 [internal function]: CodeIgniter\Debug\Exceptions->errorHandler(2, 'finfo::file(C:\\xampp\\htdocs\\Projeto-Web\\writable\\uploads/produtos/1722469538_b91943fa98ad68268246.jpg): failed to open stream: No such file or directory', 'C:\\xampp\\htdocs\\Projeto-Web\\app\\Controllers\\Produto.php', 44, [...])
 2 APPPATH\Controllers\Produto.php(44): finfo->file('C:\\xampp\\htdocs\\Projeto-Web\\writable\\uploads/produtos/1722469538_b91943fa98ad68268246.jpg')
 3 SYSTEMPATH\CodeIgniter.php(919): App\Controllers\Produto->imagem('1722469538_b91943fa98ad68268246.jpg')
 4 SYSTEMPATH\CodeIgniter.php(494): CodeIgniter\CodeIgniter->runController(Object(App\Controllers\Produto))
 5 SYSTEMPATH\CodeIgniter.php(353): CodeIgniter\CodeIgniter->handleRequest(null, Object(Config\Cache), false)
 6 FCPATH\index.php(79): CodeIgniter\CodeIgniter->run()
 7 SYSTEMPATH\Commands\Server\rewrite.php(47): require_once('C:\\xampp\\htdocs\\Projeto-Web\\public\\index.php')
CRITICAL - 2024-08-19 20:22:45 --> finfo::file(C:\xampp\htdocs\Projeto-Web\writable\uploads/produtos/1712692288_8dae5898136710f14694.jpg): failed to open stream: No such file or directory
in APPPATH\Controllers\Produto.php on line 44.
 1 [internal function]: CodeIgniter\Debug\Exceptions->errorHandler(2, 'finfo::file(C:\\xampp\\htdocs\\Projeto-Web\\writable\\uploads/produtos/1712692288_8dae5898136710f14694.jpg): failed to open stream: No such file or directory', 'C:\\xampp\\htdocs\\Projeto-Web\\app\\Controllers\\Produto.php', 44, [...])
 2 APPPATH\Controllers\Produto.php(44): finfo->file('C:\\xampp\\htdocs\\Projeto-Web\\writable\\uploads/produtos/1712692288_8dae5898136710f14694.jpg')
 3 SYSTEMPATH\CodeIgniter.php(919): App\Controllers\Produto->imagem('1712692288_8dae5898136710f14694.jpg')
 4 SYSTEMPATH\CodeIgniter.php(494): CodeIgniter\CodeIgniter->runController(Object(App\Controllers\Produto))
 5 SYSTEMPATH\CodeIgniter.php(353): CodeIgniter\CodeIgniter->handleRequest(null, Object(Config\Cache), false)
 6 FCPATH\index.php(79): CodeIgniter\CodeIgniter->run()
 7 SYSTEMPATH\Commands\Server\rewrite.php(47): require_once('C:\\xampp\\htdocs\\Projeto-Web\\public\\index.php')
INFO - 2024-08-19 20:23:00 --> Session: Class initialized using 'CodeIgniter\Session\Handlers\FileHandler' driver.
CRITICAL - 2024-08-19 20:23:02 --> finfo::file(C:\xampp\htdocs\Projeto-Web\writable\uploads/produtos/1712879748_755278b63483ddd380e2.jpg): failed to open stream: No such file or directory
in APPPATH\Controllers\Produto.php on line 44.
 1 [internal function]: CodeIgniter\Debug\Exceptions->errorHandler(2, 'finfo::file(C:\\xampp\\htdocs\\Projeto-Web\\writable\\uploads/produtos/1712879748_755278b63483ddd380e2.jpg): failed to open stream: No such file or directory', 'C:\\xampp\\htdocs\\Projeto-Web\\app\\Controllers\\Produto.php', 44, [...])
 2 APPPATH\Controllers\Produto.php(44): finfo->file('C:\\xampp\\htdocs\\Projeto-Web\\writable\\uploads/produtos/1712879748_755278b63483ddd380e2.jpg')
 3 SYSTEMPATH\CodeIgniter.php(919): App\Controllers\Produto->imagem('1712879748_755278b63483ddd380e2.jpg')
 4 SYSTEMPATH\CodeIgniter.php(494): CodeIgniter\CodeIgniter->runController(Object(App\Controllers\Produto))
 5 SYSTEMPATH\CodeIgniter.php(353): CodeIgniter\CodeIgniter->handleRequest(null, Object(Config\Cache), false)
 6 FCPATH\index.php(79): CodeIgniter\CodeIgniter->run()
 7 SYSTEMPATH\Commands\Server\rewrite.php(47): require_once('C:\\xampp\\htdocs\\Projeto-Web\\public\\index.php')
INFO - 2024-08-19 20:23:11 --> Session: Class initialized using 'CodeIgniter\Session\Handlers\FileHandler' driver.
CRITICAL - 2024-08-19 20:23:12 --> finfo::file(C:\xampp\htdocs\Projeto-Web\writable\uploads/produtos/1712692013_a81b0813dae9cc1f3620.jpg): failed to open stream: No such file or directory
in APPPATH\Controllers\Produto.php on line 44.
 1 [internal function]: CodeIgniter\Debug\Exceptions->errorHandler(2, 'finfo::file(C:\\xampp\\htdocs\\Projeto-Web\\writable\\uploads/produtos/1712692013_a81b0813dae9cc1f3620.jpg): failed to open stream: No such file or directory', 'C:\\xampp\\htdocs\\Projeto-Web\\app\\Controllers\\Produto.php', 44, [...])
 2 APPPATH\Controllers\Produto.php(44): finfo->file('C:\\xampp\\htdocs\\Projeto-Web\\writable\\uploads/produtos/1712692013_a81b0813dae9cc1f3620.jpg')
 3 SYSTEMPATH\CodeIgniter.php(919): App\Controllers\Produto->imagem('1712692013_a81b0813dae9cc1f3620.jpg')
 4 SYSTEMPATH\CodeIgniter.php(494): CodeIgniter\CodeIgniter->runController(Object(App\Controllers\Produto))
 5 SYSTEMPATH\CodeIgniter.php(353): CodeIgniter\CodeIgniter->handleRequest(null, Object(Config\Cache), false)
 6 FCPATH\index.php(79): CodeIgniter\CodeIgniter->run()
 7 SYSTEMPATH\Commands\Server\rewrite.php(47): require_once('C:\\xampp\\htdocs\\Projeto-Web\\public\\index.php')
CRITICAL - 2024-08-19 20:23:12 --> finfo::file(C:\xampp\htdocs\Projeto-Web\writable\uploads/produtos/1712879748_755278b63483ddd380e2.jpg): failed to open stream: No such file or directory
in APPPATH\Controllers\Produto.php on line 44.
 1 [internal function]: CodeIgniter\Debug\Exceptions->errorHandler(2, 'finfo::file(C:\\xampp\\htdocs\\Projeto-Web\\writable\\uploads/produtos/1712879748_755278b63483ddd380e2.jpg): failed to open stream: No such file or directory', 'C:\\xampp\\htdocs\\Projeto-Web\\app\\Controllers\\Produto.php', 44, [...])
 2 APPPATH\Controllers\Produto.php(44): finfo->file('C:\\xampp\\htdocs\\Projeto-Web\\writable\\uploads/produtos/1712879748_755278b63483ddd380e2.jpg')
 3 SYSTEMPATH\CodeIgniter.php(919): App\Controllers\Produto->imagem('1712879748_755278b63483ddd380e2.jpg')
 4 SYSTEMPATH\CodeIgniter.php(494): CodeIgniter\CodeIgniter->runController(Object(App\Controllers\Produto))
 5 SYSTEMPATH\CodeIgniter.php(353): CodeIgniter\CodeIgniter->handleRequest(null, Object(Config\Cache), false)
 6 FCPATH\index.php(79): CodeIgniter\CodeIgniter->run()
 7 SYSTEMPATH\Commands\Server\rewrite.php(47): require_once('C:\\xampp\\htdocs\\Projeto-Web\\public\\index.php')
CRITICAL - 2024-08-19 20:23:12 --> finfo::file(C:\xampp\htdocs\Projeto-Web\writable\uploads/produtos/1722469538_b91943fa98ad68268246.jpg): failed to open stream: No such file or directory
in APPPATH\Controllers\Produto.php on line 44.
 1 [internal function]: CodeIgniter\Debug\Exceptions->errorHandler(2, 'finfo::file(C:\\xampp\\htdocs\\Projeto-Web\\writable\\uploads/produtos/1722469538_b91943fa98ad68268246.jpg): failed to open stream: No such file or directory', 'C:\\xampp\\htdocs\\Projeto-Web\\app\\Controllers\\Produto.php', 44, [...])
 2 APPPATH\Controllers\Produto.php(44): finfo->file('C:\\xampp\\htdocs\\Projeto-Web\\writable\\uploads/produtos/1722469538_b91943fa98ad68268246.jpg')
 3 SYSTEMPATH\CodeIgniter.php(919): App\Controllers\Produto->imagem('1722469538_b91943fa98ad68268246.jpg')
 4 SYSTEMPATH\CodeIgniter.php(494): CodeIgniter\CodeIgniter->runController(Object(App\Controllers\Produto))
 5 SYSTEMPATH\CodeIgniter.php(353): CodeIgniter\CodeIgniter->handleRequest(null, Object(Config\Cache), false)
 6 FCPATH\index.php(79): CodeIgniter\CodeIgniter->run()
 7 SYSTEMPATH\Commands\Server\rewrite.php(47): require_once('C:\\xampp\\htdocs\\Projeto-Web\\public\\index.php')
CRITICAL - 2024-08-19 20:23:12 --> finfo::file(C:\xampp\htdocs\Projeto-Web\writable\uploads/produtos/1712692288_8dae5898136710f14694.jpg): failed to open stream: No such file or directory
in APPPATH\Controllers\Produto.php on line 44.
 1 [internal function]: CodeIgniter\Debug\Exceptions->errorHandler(2, 'finfo::file(C:\\xampp\\htdocs\\Projeto-Web\\writable\\uploads/produtos/1712692288_8dae5898136710f14694.jpg): failed to open stream: No such file or directory', 'C:\\xampp\\htdocs\\Projeto-Web\\app\\Controllers\\Produto.php', 44, [...])
 2 APPPATH\Controllers\Produto.php(44): finfo->file('C:\\xampp\\htdocs\\Projeto-Web\\writable\\uploads/produtos/1712692288_8dae5898136710f14694.jpg')
 3 SYSTEMPATH\CodeIgniter.php(919): App\Controllers\Produto->imagem('1712692288_8dae5898136710f14694.jpg')
 4 SYSTEMPATH\CodeIgniter.php(494): CodeIgniter\CodeIgniter->runController(Object(App\Controllers\Produto))
 5 SYSTEMPATH\CodeIgniter.php(353): CodeIgniter\CodeIgniter->handleRequest(null, Object(Config\Cache), false)
 6 FCPATH\index.php(79): CodeIgniter\CodeIgniter->run()
 7 SYSTEMPATH\Commands\Server\rewrite.php(47): require_once('C:\\xampp\\htdocs\\Projeto-Web\\public\\index.php')
