INFO - 2024-09-07 02:11:09 --> Session: Class initialized using 'CodeIgniter\Session\Handlers\FileHandler' driver.
INFO - 2024-09-07 02:11:09 --> Session: Class initialized using 'CodeIgniter\Session\Handlers\FileHandler' driver.
INFO - 2024-09-07 02:11:12 --> Session: Class initialized using 'CodeIgniter\Session\Handlers\FileHandler' driver.
INFO - 2024-09-07 02:11:16 --> Session: Class initialized using 'CodeIgniter\Session\Handlers\FileHandler' driver.
INFO - 2024-09-07 02:11:26 --> CSRF token verified.
CRITICAL - 2024-09-07 02:11:26 --> Cannot use object of type App\Entities\Produto as array
in APPPATH\Controllers\Carrinho.php on line 76.
 1 SYSTEMPATH\CodeIgniter.php(919): App\Controllers\Carrinho->adicionar()
 2 SYSTEMPATH\CodeIgniter.php(494): CodeIgniter\CodeIgniter->runController(Object(App\Controllers\Carrinho))
 3 SYSTEMPATH\CodeIgniter.php(353): CodeIgniter\CodeIgniter->handleRequest(null, Object(Config\Cache), false)
 4 FCPATH\index.php(79): CodeIgniter\CodeIgniter->run()
 5 SYSTEMPATH\Commands\Server\rewrite.php(47): require_once('C:\\xampp\\htdocs\\Projeto-Web\\public\\index.php')
INFO - 2024-09-07 02:12:46 --> Session: Class initialized using 'CodeIgniter\Session\Handlers\FileHandler' driver.
INFO - 2024-09-07 02:12:46 --> Session: Class initialized using 'CodeIgniter\Session\Handlers\FileHandler' driver.
INFO - 2024-09-07 02:12:52 --> CSRF token verified.
INFO - 2024-09-07 02:12:52 --> Session: Class initialized using 'CodeIgniter\Session\Handlers\FileHandler' driver.
INFO - 2024-09-07 02:12:52 --> Session: Class initialized using 'CodeIgniter\Session\Handlers\FileHandler' driver.
INFO - 2024-09-07 02:12:59 --> Session: Class initialized using 'CodeIgniter\Session\Handlers\FileHandler' driver.
INFO - 2024-09-07 02:13:03 --> Session: Class initialized using 'CodeIgniter\Session\Handlers\FileHandler' driver.
INFO - 2024-09-07 02:13:07 --> CSRF token verified.
INFO - 2024-09-07 02:13:07 --> Session: Class initialized using 'CodeIgniter\Session\Handlers\FileHandler' driver.
INFO - 2024-09-07 02:13:07 --> Session: Class initialized using 'CodeIgniter\Session\Handlers\FileHandler' driver.
INFO - 2024-09-07 02:13:10 --> Session: Class initialized using 'CodeIgniter\Session\Handlers\FileHandler' driver.
INFO - 2024-09-07 02:13:20 --> Session: Class initialized using 'CodeIgniter\Session\Handlers\FileHandler' driver.
INFO - 2024-09-07 02:19:06 --> CSRF token verified.
INFO - 2024-09-07 02:19:07 --> Session: Class initialized using 'CodeIgniter\Session\Handlers\FileHandler' driver.
INFO - 2024-09-07 02:19:07 --> Session: Class initialized using 'CodeIgniter\Session\Handlers\FileHandler' driver.
INFO - 2024-09-07 02:20:50 --> CSRF token verified.
INFO - 2024-09-07 02:20:50 --> Session: Class initialized using 'CodeIgniter\Session\Handlers\FileHandler' driver.
INFO - 2024-09-07 02:20:50 --> Session: Class initialized using 'CodeIgniter\Session\Handlers\FileHandler' driver.
INFO - 2024-09-07 02:22:42 --> CSRF token verified.
INFO - 2024-09-07 02:22:42 --> Session: Class initialized using 'CodeIgniter\Session\Handlers\FileHandler' driver.
INFO - 2024-09-07 02:22:42 --> Session: Class initialized using 'CodeIgniter\Session\Handlers\FileHandler' driver.
INFO - 2024-09-07 02:25:15 --> Session: Class initialized using 'CodeIgniter\Session\Handlers\FileHandler' driver.
INFO - 2024-09-07 02:25:39 --> Session: Class initialized using 'CodeIgniter\Session\Handlers\FileHandler' driver.
INFO - 2024-09-07 02:26:15 --> Session: Class initialized using 'CodeIgniter\Session\Handlers\FileHandler' driver.
INFO - 2024-09-07 02:27:01 --> Session: Class initialized using 'CodeIgniter\Session\Handlers\FileHandler' driver.
INFO - 2024-09-07 02:27:58 --> Session: Class initialized using 'CodeIgniter\Session\Handlers\FileHandler' driver.
INFO - 2024-09-07 02:28:26 --> Session: Class initialized using 'CodeIgniter\Session\Handlers\FileHandler' driver.
INFO - 2024-09-07 02:28:41 --> Session: Class initialized using 'CodeIgniter\Session\Handlers\FileHandler' driver.
INFO - 2024-09-07 02:28:56 --> Session: Class initialized using 'CodeIgniter\Session\Handlers\FileHandler' driver.
INFO - 2024-09-07 02:29:08 --> Session: Class initialized using 'CodeIgniter\Session\Handlers\FileHandler' driver.
INFO - 2024-09-07 02:29:17 --> Session: Class initialized using 'CodeIgniter\Session\Handlers\FileHandler' driver.
ERROR - 2024-09-07 02:33:03 --> mysqli_sql_exception: Invalid default value for 'criado_em' in C:\xampp\htdocs\Projeto-Web\system\Database\MySQLi\Connection.php:306
Stack trace:
#0 C:\xampp\htdocs\Projeto-Web\system\Database\MySQLi\Connection.php(306): mysqli->query('CREATE TABLE `p...', 0)
#1 C:\xampp\htdocs\Projeto-Web\system\Database\BaseConnection.php(692): CodeIgniter\Database\MySQLi\Connection->execute('CREATE TABLE `p...')
#2 C:\xampp\htdocs\Projeto-Web\system\Database\BaseConnection.php(606): CodeIgniter\Database\BaseConnection->simpleQuery('CREATE TABLE `p...')
#3 C:\xampp\htdocs\Projeto-Web\system\Database\Forge.php(546): CodeIgniter\Database\BaseConnection->query('CREATE TABLE `p...')
#4 C:\xampp\htdocs\Projeto-Web\app\Database\Migrations\2024-09-07-053213_CriaTabelaPedidos.php(44): CodeIgniter\Database\Forge->createTable('pedidos')
#5 C:\xampp\htdocs\Projeto-Web\system\Database\MigrationRunner.php(877): App\Database\Migrations\CreatePedidosTable->up()
#6 C:\xampp\htdocs\Projeto-Web\system\Database\MigrationRunner.php(188): CodeIgniter\Database\MigrationRunner->migrate('up', Object(stdClass))
#7 C:\xampp\htdocs\Projeto-Web\system\Commands\Database\Migrate.php(84): CodeIgniter\Database\MigrationRunner->latest(NULL)
#8 C:\xampp\htdocs\Projeto-Web\system\CLI\Commands.php(65): CodeIgniter\Commands\Database\Migrate->run(Array)
#9 C:\xampp\htdocs\Projeto-Web\system\CLI\Console.php(37): CodeIgniter\CLI\Commands->run('migrate', Array)
#10 C:\xampp\htdocs\Projeto-Web\spark(102): CodeIgniter\CLI\Console->run()
#11 {main}
ERROR - 2024-09-07 02:33:54 --> mysqli_sql_exception: Can't create table `engenharia`.`pedidos` (errno: 150 "Foreign key constraint is incorrectly formed") in C:\xampp\htdocs\Projeto-Web\system\Database\MySQLi\Connection.php:306
Stack trace:
#0 C:\xampp\htdocs\Projeto-Web\system\Database\MySQLi\Connection.php(306): mysqli->query('CREATE TABLE `p...', 0)
#1 C:\xampp\htdocs\Projeto-Web\system\Database\BaseConnection.php(692): CodeIgniter\Database\MySQLi\Connection->execute('CREATE TABLE `p...')
#2 C:\xampp\htdocs\Projeto-Web\system\Database\BaseConnection.php(606): CodeIgniter\Database\BaseConnection->simpleQuery('CREATE TABLE `p...')
#3 C:\xampp\htdocs\Projeto-Web\system\Database\Forge.php(546): CodeIgniter\Database\BaseConnection->query('CREATE TABLE `p...')
#4 C:\xampp\htdocs\Projeto-Web\app\Database\Migrations\2024-09-07-053213_CriaTabelaPedidos.php(43): CodeIgniter\Database\Forge->createTable('pedidos')
#5 C:\xampp\htdocs\Projeto-Web\system\Database\MigrationRunner.php(877): App\Database\Migrations\CreatePedidosTable->up()
#6 C:\xampp\htdocs\Projeto-Web\system\Database\MigrationRunner.php(188): CodeIgniter\Database\MigrationRunner->migrate('up', Object(stdClass))
#7 C:\xampp\htdocs\Projeto-Web\system\Commands\Database\Migrate.php(84): CodeIgniter\Database\MigrationRunner->latest(NULL)
#8 C:\xampp\htdocs\Projeto-Web\system\CLI\Commands.php(65): CodeIgniter\Commands\Database\Migrate->run(Array)
#9 C:\xampp\htdocs\Projeto-Web\system\CLI\Console.php(37): CodeIgniter\CLI\Commands->run('migrate', Array)
#10 C:\xampp\htdocs\Projeto-Web\spark(102): CodeIgniter\CLI\Console->run()
#11 {main}
INFO - 2024-09-07 02:45:45 --> Session: Class initialized using 'CodeIgniter\Session\Handlers\FileHandler' driver.
INFO - 2024-09-07 02:46:09 --> Session: Class initialized using 'CodeIgniter\Session\Handlers\FileHandler' driver.
INFO - 2024-09-07 02:46:10 --> Session: Class initialized using 'CodeIgniter\Session\Handlers\FileHandler' driver.
INFO - 2024-09-07 02:48:07 --> Session: Class initialized using 'CodeIgniter\Session\Handlers\FileHandler' driver.
INFO - 2024-09-07 02:48:10 --> Session: Class initialized using 'CodeIgniter\Session\Handlers\FileHandler' driver.
INFO - 2024-09-07 02:49:49 --> Session: Class initialized using 'CodeIgniter\Session\Handlers\FileHandler' driver.
INFO - 2024-09-07 02:49:54 --> Session: Class initialized using 'CodeIgniter\Session\Handlers\FileHandler' driver.
INFO - 2024-09-07 02:58:16 --> Session: Class initialized using 'CodeIgniter\Session\Handlers\FileHandler' driver.
INFO - 2024-09-07 02:58:21 --> Session: Class initialized using 'CodeIgniter\Session\Handlers\FileHandler' driver.
INFO - 2024-09-07 02:59:59 --> Session: Class initialized using 'CodeIgniter\Session\Handlers\FileHandler' driver.
INFO - 2024-09-07 03:00:01 --> Session: Class initialized using 'CodeIgniter\Session\Handlers\FileHandler' driver.
INFO - 2024-09-07 03:04:32 --> Session: Class initialized using 'CodeIgniter\Session\Handlers\FileHandler' driver.
INFO - 2024-09-07 03:04:37 --> Session: Class initialized using 'CodeIgniter\Session\Handlers\FileHandler' driver.
ERROR - 2024-09-07 14:07:17 --> Error connecting to the database: mysqli_sql_exception: Nenhuma conexão pôde ser feita porque a máquina de destino as recusou ativamente.
 in C:\xampp\htdocs\Projeto-Web\system\Database\MySQLi\Connection.php:185
Stack trace:
#0 C:\xampp\htdocs\Projeto-Web\system\Database\MySQLi\Connection.php(185): mysqli->real_connect('localhost', 'root', '', 'engenharia', 3306, '', 0)
#1 C:\xampp\htdocs\Projeto-Web\system\Database\BaseConnection.php(391): CodeIgniter\Database\MySQLi\Connection->connect(false)
#2 C:\xampp\htdocs\Projeto-Web\system\Database\BaseConnection.php(574): CodeIgniter\Database\BaseConnection->initialize()
#3 C:\xampp\htdocs\Projeto-Web\system\Database\BaseBuilder.php(1615): CodeIgniter\Database\BaseConnection->query('SELECT `categor...', Array, false)
#4 C:\xampp\htdocs\Projeto-Web\system\Model.php(237): CodeIgniter\Database\BaseBuilder->get()
#5 C:\xampp\htdocs\Projeto-Web\system\BaseModel.php(624): CodeIgniter\Model->doFindAll(0, 0)
#6 C:\xampp\htdocs\Projeto-Web\app\Models\CategoriaModel.php(68): CodeIgniter\BaseModel->findAll()
#7 C:\xampp\htdocs\Projeto-Web\app\Controllers\Home.php(18): App\Models\CategoriaModel->BuscaCategoriasWebHome()
#8 C:\xampp\htdocs\Projeto-Web\system\CodeIgniter.php(919): App\Controllers\Home->index()
#9 C:\xampp\htdocs\Projeto-Web\system\CodeIgniter.php(494): CodeIgniter\CodeIgniter->runController(Object(App\Controllers\Home))
#10 C:\xampp\htdocs\Projeto-Web\system\CodeIgniter.php(353): CodeIgniter\CodeIgniter->handleRequest(NULL, Object(Config\Cache), false)
#11 C:\xampp\htdocs\Projeto-Web\public\index.php(79): CodeIgniter\CodeIgniter->run()
#12 C:\xampp\htdocs\Projeto-Web\system\Commands\Server\rewrite.php(47): require_once('C:\\xampp\\htdocs...')
#13 {main}

Next CodeIgniter\Database\Exceptions\DatabaseException: Nenhuma conexão pôde ser feita porque a máquina de destino as recusou ativamente.
 in C:\xampp\htdocs\Projeto-Web\system\Database\MySQLi\Connection.php:229
Stack trace:
#0 C:\xampp\htdocs\Projeto-Web\system\Database\BaseConnection.php(391): CodeIgniter\Database\MySQLi\Connection->connect(false)
#1 C:\xampp\htdocs\Projeto-Web\system\Database\BaseConnection.php(574): CodeIgniter\Database\BaseConnection->initialize()
#2 C:\xampp\htdocs\Projeto-Web\system\Database\BaseBuilder.php(1615): CodeIgniter\Database\BaseConnection->query('SELECT `categor...', Array, false)
#3 C:\xampp\htdocs\Projeto-Web\system\Model.php(237): CodeIgniter\Database\BaseBuilder->get()
#4 C:\xampp\htdocs\Projeto-Web\system\BaseModel.php(624): CodeIgniter\Model->doFindAll(0, 0)
#5 C:\xampp\htdocs\Projeto-Web\app\Models\CategoriaModel.php(68): CodeIgniter\BaseModel->findAll()
#6 C:\xampp\htdocs\Projeto-Web\app\Controllers\Home.php(18): App\Models\CategoriaModel->BuscaCategoriasWebHome()
#7 C:\xampp\htdocs\Projeto-Web\system\CodeIgniter.php(919): App\Controllers\Home->index()
#8 C:\xampp\htdocs\Projeto-Web\system\CodeIgniter.php(494): CodeIgniter\CodeIgniter->runController(Object(App\Controllers\Home))
#9 C:\xampp\htdocs\Projeto-Web\system\CodeIgniter.php(353): CodeIgniter\CodeIgniter->handleRequest(NULL, Object(Config\Cache), false)
#10 C:\xampp\htdocs\Projeto-Web\public\index.php(79): CodeIgniter\CodeIgniter->run()
#11 C:\xampp\htdocs\Projeto-Web\system\Commands\Server\rewrite.php(47): require_once('C:\\xampp\\htdocs...')
#12 {main}
CRITICAL - 2024-09-07 14:07:17 --> Unable to connect to the database.
Main connection [MySQLi]: Nenhuma conexão pôde ser feita porque a máquina de destino as recusou ativamente.

in SYSTEMPATH\Database\BaseConnection.php on line 427.
 1 SYSTEMPATH\Database\BaseConnection.php(574): CodeIgniter\Database\BaseConnection->initialize()
 2 SYSTEMPATH\Database\BaseBuilder.php(1615): CodeIgniter\Database\BaseConnection->query('SELECT `categorias`.`id`, `categorias`.`nome`, `categorias`.`slug`
FROM `categorias`
JOIN `produtos` ON `produtos`.`categoria_id` = `categorias`.`id`
WHERE `categorias`.`deletado_em` IS NULL
GROUP BY `categorias`.`id`', [], false)
 3 SYSTEMPATH\Model.php(237): CodeIgniter\Database\BaseBuilder->get()
 4 SYSTEMPATH\BaseModel.php(624): CodeIgniter\Model->doFindAll(0, 0)
 5 APPPATH\Models\CategoriaModel.php(68): CodeIgniter\BaseModel->findAll()
 6 APPPATH\Controllers\Home.php(18): App\Models\CategoriaModel->BuscaCategoriasWebHome()
 7 SYSTEMPATH\CodeIgniter.php(919): App\Controllers\Home->index()
 8 SYSTEMPATH\CodeIgniter.php(494): CodeIgniter\CodeIgniter->runController(Object(App\Controllers\Home))
 9 SYSTEMPATH\CodeIgniter.php(353): CodeIgniter\CodeIgniter->handleRequest(null, Object(Config\Cache), false)
10 FCPATH\index.php(79): CodeIgniter\CodeIgniter->run()
11 SYSTEMPATH\Commands\Server\rewrite.php(47): require_once('C:\\xampp\\htdocs\\Projeto-Web\\public\\index.php')
INFO - 2024-09-07 14:07:36 --> Session: Class initialized using 'CodeIgniter\Session\Handlers\FileHandler' driver.
INFO - 2024-09-07 14:07:46 --> Session: Class initialized using 'CodeIgniter\Session\Handlers\FileHandler' driver.
INFO - 2024-09-07 14:07:51 --> CSRF token verified.
ERROR - 2024-09-07 14:07:55 --> Error connecting to the database: mysqli_sql_exception: Nenhuma conexão pôde ser feita porque a máquina de destino as recusou ativamente.
 in C:\xampp\htdocs\Projeto-Web\system\Database\MySQLi\Connection.php:185
Stack trace:
#0 C:\xampp\htdocs\Projeto-Web\system\Database\MySQLi\Connection.php(185): mysqli->real_connect('localhost', 'root', '', 'engenharia', 3306, '', 0)
#1 C:\xampp\htdocs\Projeto-Web\system\Database\BaseConnection.php(391): CodeIgniter\Database\MySQLi\Connection->connect(false)
#2 C:\xampp\htdocs\Projeto-Web\system\Database\BaseConnection.php(574): CodeIgniter\Database\BaseConnection->initialize()
#3 C:\xampp\htdocs\Projeto-Web\system\Database\BaseBuilder.php(1615): CodeIgniter\Database\BaseConnection->query('SELECT *\nFROM `...', Array, false)
#4 C:\xampp\htdocs\Projeto-Web\system\Model.php(264): CodeIgniter\Database\BaseBuilder->get()
#5 C:\xampp\htdocs\Projeto-Web\system\BaseModel.php(662): CodeIgniter\Model->doFirst()
#6 C:\xampp\htdocs\Projeto-Web\app\Models\UsuarioModel.php(95): CodeIgniter\BaseModel->first()
#7 C:\xampp\htdocs\Projeto-Web\app\Libraries\Autenticacao.php(21): App\Models\UsuarioModel->buscaUsuarioPorEmail('admin@admin.com')
#8 C:\xampp\htdocs\Projeto-Web\app\Controllers\Login.php(27): App\Libraries\Autenticacao->login('admin@admin.com', '123456')
#9 C:\xampp\htdocs\Projeto-Web\system\CodeIgniter.php(919): App\Controllers\Login->criar()
#10 C:\xampp\htdocs\Projeto-Web\system\CodeIgniter.php(494): CodeIgniter\CodeIgniter->runController(Object(App\Controllers\Login))
#11 C:\xampp\htdocs\Projeto-Web\system\CodeIgniter.php(353): CodeIgniter\CodeIgniter->handleRequest(NULL, Object(Config\Cache), false)
#12 C:\xampp\htdocs\Projeto-Web\public\index.php(79): CodeIgniter\CodeIgniter->run()
#13 C:\xampp\htdocs\Projeto-Web\system\Commands\Server\rewrite.php(47): require_once('C:\\xampp\\htdocs...')
#14 {main}

Next CodeIgniter\Database\Exceptions\DatabaseException: Nenhuma conexão pôde ser feita porque a máquina de destino as recusou ativamente.
 in C:\xampp\htdocs\Projeto-Web\system\Database\MySQLi\Connection.php:229
Stack trace:
#0 C:\xampp\htdocs\Projeto-Web\system\Database\BaseConnection.php(391): CodeIgniter\Database\MySQLi\Connection->connect(false)
#1 C:\xampp\htdocs\Projeto-Web\system\Database\BaseConnection.php(574): CodeIgniter\Database\BaseConnection->initialize()
#2 C:\xampp\htdocs\Projeto-Web\system\Database\BaseBuilder.php(1615): CodeIgniter\Database\BaseConnection->query('SELECT *\nFROM `...', Array, false)
#3 C:\xampp\htdocs\Projeto-Web\system\Model.php(264): CodeIgniter\Database\BaseBuilder->get()
#4 C:\xampp\htdocs\Projeto-Web\system\BaseModel.php(662): CodeIgniter\Model->doFirst()
#5 C:\xampp\htdocs\Projeto-Web\app\Models\UsuarioModel.php(95): CodeIgniter\BaseModel->first()
#6 C:\xampp\htdocs\Projeto-Web\app\Libraries\Autenticacao.php(21): App\Models\UsuarioModel->buscaUsuarioPorEmail('admin@admin.com')
#7 C:\xampp\htdocs\Projeto-Web\app\Controllers\Login.php(27): App\Libraries\Autenticacao->login('admin@admin.com', '123456')
#8 C:\xampp\htdocs\Projeto-Web\system\CodeIgniter.php(919): App\Controllers\Login->criar()
#9 C:\xampp\htdocs\Projeto-Web\system\CodeIgniter.php(494): CodeIgniter\CodeIgniter->runController(Object(App\Controllers\Login))
#10 C:\xampp\htdocs\Projeto-Web\system\CodeIgniter.php(353): CodeIgniter\CodeIgniter->handleRequest(NULL, Object(Config\Cache), false)
#11 C:\xampp\htdocs\Projeto-Web\public\index.php(79): CodeIgniter\CodeIgniter->run()
#12 C:\xampp\htdocs\Projeto-Web\system\Commands\Server\rewrite.php(47): require_once('C:\\xampp\\htdocs...')
#13 {main}
CRITICAL - 2024-09-07 14:07:55 --> Unable to connect to the database.
Main connection [MySQLi]: Nenhuma conexão pôde ser feita porque a máquina de destino as recusou ativamente.

in SYSTEMPATH\Database\BaseConnection.php on line 427.
 1 SYSTEMPATH\Database\BaseConnection.php(574): CodeIgniter\Database\BaseConnection->initialize()
 2 SYSTEMPATH\Database\BaseBuilder.php(1615): CodeIgniter\Database\BaseConnection->query('SELECT *
FROM `usuarios`
WHERE `email` = :email:
AND `usuarios`.`deletado_em` IS NULL
 LIMIT 1', [...], false)
 3 SYSTEMPATH\Model.php(264): CodeIgniter\Database\BaseBuilder->get()
 4 SYSTEMPATH\BaseModel.php(662): CodeIgniter\Model->doFirst()
 5 APPPATH\Models\UsuarioModel.php(95): CodeIgniter\BaseModel->first()
 6 APPPATH\Libraries\Autenticacao.php(21): App\Models\UsuarioModel->buscaUsuarioPorEmail('admin@admin.com')
 7 APPPATH\Controllers\Login.php(27): App\Libraries\Autenticacao->login('admin@admin.com', '123456')
 8 SYSTEMPATH\CodeIgniter.php(919): App\Controllers\Login->criar()
 9 SYSTEMPATH\CodeIgniter.php(494): CodeIgniter\CodeIgniter->runController(Object(App\Controllers\Login))
10 SYSTEMPATH\CodeIgniter.php(353): CodeIgniter\CodeIgniter->handleRequest(null, Object(Config\Cache), false)
11 FCPATH\index.php(79): CodeIgniter\CodeIgniter->run()
12 SYSTEMPATH\Commands\Server\rewrite.php(47): require_once('C:\\xampp\\htdocs\\Projeto-Web\\public\\index.php')
