INFO - 2024-09-02 00:13:47 --> Session: Class initialized using 'CodeIgniter\Session\Handlers\FileHandler' driver.
CRITICAL - 2024-09-02 00:13:47 --> Trying to get property 'id' of non-object
in APPPATH\Views\Produto\customizar.php on line 79.
 1 APPPATH\Views\Produto\customizar.php(79): CodeIgniter\Debug\Exceptions->errorHandler(8, 'Trying to get property \'id\' of non-object', 'C:\\xampp\\htdocs\\Projeto-Web\\app\\Views\\Produto\\customizar.php', 79, [...])
 2 SYSTEMPATH\View\View.php(226): include('C:\\xampp\\htdocs\\Projeto-Web\\app\\Views\\Produto\\customizar.php')
 3 SYSTEMPATH\View\View.php(229): CodeIgniter\View\View->CodeIgniter\View\{closure}()
 4 SYSTEMPATH\Common.php(1188): CodeIgniter\View\View->render('Produto/customizar', [], true)
 5 APPPATH\Controllers\Produto.php(53): view('Produto/customizar', [...])
 6 SYSTEMPATH\CodeIgniter.php(919): App\Controllers\Produto->customizar('pizza-de-catupiry')
 7 SYSTEMPATH\CodeIgniter.php(494): CodeIgniter\CodeIgniter->runController(Object(App\Controllers\Produto))
 8 SYSTEMPATH\CodeIgniter.php(353): CodeIgniter\CodeIgniter->handleRequest(null, Object(Config\Cache), false)
 9 FCPATH\index.php(79): CodeIgniter\CodeIgniter->run()
10 SYSTEMPATH\Commands\Server\rewrite.php(47): require_once('C:\\xampp\\htdocs\\Projeto-Web\\public\\index.php')
INFO - 2024-09-02 00:15:22 --> Session: Class initialized using 'CodeIgniter\Session\Handlers\FileHandler' driver.
CRITICAL - 2024-09-02 00:15:22 --> Trying to get property 'id' of non-object
in APPPATH\Views\Produto\customizar.php on line 79.
 1 APPPATH\Views\Produto\customizar.php(79): CodeIgniter\Debug\Exceptions->errorHandler(8, 'Trying to get property \'id\' of non-object', 'C:\\xampp\\htdocs\\Projeto-Web\\app\\Views\\Produto\\customizar.php', 79, [...])
 2 SYSTEMPATH\View\View.php(226): include('C:\\xampp\\htdocs\\Projeto-Web\\app\\Views\\Produto\\customizar.php')
 3 SYSTEMPATH\View\View.php(229): CodeIgniter\View\View->CodeIgniter\View\{closure}()
 4 SYSTEMPATH\Common.php(1188): CodeIgniter\View\View->render('Produto/customizar', [], true)
 5 APPPATH\Controllers\Produto.php(53): view('Produto/customizar', [...])
 6 SYSTEMPATH\CodeIgniter.php(919): App\Controllers\Produto->customizar('pizza-de-catupiry')
 7 SYSTEMPATH\CodeIgniter.php(494): CodeIgniter\CodeIgniter->runController(Object(App\Controllers\Produto))
 8 SYSTEMPATH\CodeIgniter.php(353): CodeIgniter\CodeIgniter->handleRequest(null, Object(Config\Cache), false)
 9 FCPATH\index.php(79): CodeIgniter\CodeIgniter->run()
10 SYSTEMPATH\Commands\Server\rewrite.php(47): require_once('C:\\xampp\\htdocs\\Projeto-Web\\public\\index.php')
INFO - 2024-09-02 00:16:04 --> Session: Class initialized using 'CodeIgniter\Session\Handlers\FileHandler' driver.
ERROR - 2024-09-02 00:16:13 --> mysqli_sql_exception: Column 'id' in where clause is ambiguous in C:\xampp\htdocs\Projeto-Web\system\Database\MySQLi\Connection.php:306
Stack trace:
#0 C:\xampp\htdocs\Projeto-Web\system\Database\MySQLi\Connection.php(306): mysqli->query('SELECT `produto...', 0)
#1 C:\xampp\htdocs\Projeto-Web\system\Database\BaseConnection.php(692): CodeIgniter\Database\MySQLi\Connection->execute('SELECT `produto...')
#2 C:\xampp\htdocs\Projeto-Web\system\Database\BaseConnection.php(606): CodeIgniter\Database\BaseConnection->simpleQuery('SELECT `produto...')
#3 C:\xampp\htdocs\Projeto-Web\system\Database\BaseBuilder.php(1615): CodeIgniter\Database\BaseConnection->query('SELECT `produto...', Array, false)
#4 C:\xampp\htdocs\Projeto-Web\system\Model.php(237): CodeIgniter\Database\BaseBuilder->get()
#5 C:\xampp\htdocs\Projeto-Web\system\BaseModel.php(624): CodeIgniter\Model->doFindAll(0, 0)
#6 C:\xampp\htdocs\Projeto-Web\app\Models\ProdutoModel.php(118): CodeIgniter\BaseModel->findAll()
#7 C:\xampp\htdocs\Projeto-Web\app\Controllers\Produto.php(67): App\Models\ProdutoModel->exibeProdutosParaCustomizarSegundaMetade(3, 1)
#8 C:\xampp\htdocs\Projeto-Web\system\CodeIgniter.php(919): App\Controllers\Produto->procurar()
#9 C:\xampp\htdocs\Projeto-Web\system\CodeIgniter.php(494): CodeIgniter\CodeIgniter->runController(Object(App\Controllers\Produto))
#10 C:\xampp\htdocs\Projeto-Web\system\CodeIgniter.php(353): CodeIgniter\CodeIgniter->handleRequest(NULL, Object(Config\Cache), false)
#11 C:\xampp\htdocs\Projeto-Web\public\index.php(79): CodeIgniter\CodeIgniter->run()
#12 C:\xampp\htdocs\Projeto-Web\system\Commands\Server\rewrite.php(47): require_once('C:\\xampp\\htdocs...')
#13 {main}
CRITICAL - 2024-09-02 00:16:13 --> Column 'id' in where clause is ambiguous
in SYSTEMPATH\Database\BaseConnection.php on line 646.
 1 SYSTEMPATH\Database\BaseBuilder.php(1615): CodeIgniter\Database\BaseConnection->query('SELECT `produtos`.`id`, `produtos`.`nome`
FROM `produtos`
JOIN `produtos_especificacoes` ON `produtos_especificacoes`.`produto_id` = `produtos`.`id`
JOIN `categorias` ON `categorias`.`id` = `produtos`.`categoria_id`
WHERE `id` = :id:
AND `produtos`.`categoria_id` = :produtos.categoria_id:
AND `produtos`.`id` != :produtos.id:
AND `produtos`.`ativo` = :produtos.ativo:
AND `produtos_especificacoes`.`customizavel` = :produtos_especificacoes.customizavel:
AND `produtos`.`deletado_em` IS NULL
GROUP BY `produtos`.`nome`', [...], false)
 2 SYSTEMPATH\Model.php(237): CodeIgniter\Database\BaseBuilder->get()
 3 SYSTEMPATH\BaseModel.php(624): CodeIgniter\Model->doFindAll(0, 0)
 4 APPPATH\Models\ProdutoModel.php(118): CodeIgniter\BaseModel->findAll()
 5 APPPATH\Controllers\Produto.php(67): App\Models\ProdutoModel->exibeProdutosParaCustomizarSegundaMetade(3, 1)
 6 SYSTEMPATH\CodeIgniter.php(919): App\Controllers\Produto->procurar()
 7 SYSTEMPATH\CodeIgniter.php(494): CodeIgniter\CodeIgniter->runController(Object(App\Controllers\Produto))
 8 SYSTEMPATH\CodeIgniter.php(353): CodeIgniter\CodeIgniter->handleRequest(null, Object(Config\Cache), false)
 9 FCPATH\index.php(79): CodeIgniter\CodeIgniter->run()
10 SYSTEMPATH\Commands\Server\rewrite.php(47): require_once('C:\\xampp\\htdocs\\Projeto-Web\\public\\index.php')
ERROR - 2024-09-02 00:16:17 --> mysqli_sql_exception: Column 'id' in where clause is ambiguous in C:\xampp\htdocs\Projeto-Web\system\Database\MySQLi\Connection.php:306
Stack trace:
#0 C:\xampp\htdocs\Projeto-Web\system\Database\MySQLi\Connection.php(306): mysqli->query('SELECT `produto...', 0)
#1 C:\xampp\htdocs\Projeto-Web\system\Database\BaseConnection.php(692): CodeIgniter\Database\MySQLi\Connection->execute('SELECT `produto...')
#2 C:\xampp\htdocs\Projeto-Web\system\Database\BaseConnection.php(606): CodeIgniter\Database\BaseConnection->simpleQuery('SELECT `produto...')
#3 C:\xampp\htdocs\Projeto-Web\system\Database\BaseBuilder.php(1615): CodeIgniter\Database\BaseConnection->query('SELECT `produto...', Array, false)
#4 C:\xampp\htdocs\Projeto-Web\system\Model.php(237): CodeIgniter\Database\BaseBuilder->get()
#5 C:\xampp\htdocs\Projeto-Web\system\BaseModel.php(624): CodeIgniter\Model->doFindAll(0, 0)
#6 C:\xampp\htdocs\Projeto-Web\app\Models\ProdutoModel.php(118): CodeIgniter\BaseModel->findAll()
#7 C:\xampp\htdocs\Projeto-Web\app\Controllers\Produto.php(67): App\Models\ProdutoModel->exibeProdutosParaCustomizarSegundaMetade(1, 1)
#8 C:\xampp\htdocs\Projeto-Web\system\CodeIgniter.php(919): App\Controllers\Produto->procurar()
#9 C:\xampp\htdocs\Projeto-Web\system\CodeIgniter.php(494): CodeIgniter\CodeIgniter->runController(Object(App\Controllers\Produto))
#10 C:\xampp\htdocs\Projeto-Web\system\CodeIgniter.php(353): CodeIgniter\CodeIgniter->handleRequest(NULL, Object(Config\Cache), false)
#11 C:\xampp\htdocs\Projeto-Web\public\index.php(79): CodeIgniter\CodeIgniter->run()
#12 C:\xampp\htdocs\Projeto-Web\system\Commands\Server\rewrite.php(47): require_once('C:\\xampp\\htdocs...')
#13 {main}
CRITICAL - 2024-09-02 00:16:17 --> Column 'id' in where clause is ambiguous
in SYSTEMPATH\Database\BaseConnection.php on line 646.
 1 SYSTEMPATH\Database\BaseBuilder.php(1615): CodeIgniter\Database\BaseConnection->query('SELECT `produtos`.`id`, `produtos`.`nome`
FROM `produtos`
JOIN `produtos_especificacoes` ON `produtos_especificacoes`.`produto_id` = `produtos`.`id`
JOIN `categorias` ON `categorias`.`id` = `produtos`.`categoria_id`
WHERE `id` = :id:
AND `produtos`.`categoria_id` = :produtos.categoria_id:
AND `produtos`.`id` != :produtos.id:
AND `produtos`.`ativo` = :produtos.ativo:
AND `produtos_especificacoes`.`customizavel` = :produtos_especificacoes.customizavel:
AND `produtos`.`deletado_em` IS NULL
GROUP BY `produtos`.`nome`', [...], false)
 2 SYSTEMPATH\Model.php(237): CodeIgniter\Database\BaseBuilder->get()
 3 SYSTEMPATH\BaseModel.php(624): CodeIgniter\Model->doFindAll(0, 0)
 4 APPPATH\Models\ProdutoModel.php(118): CodeIgniter\BaseModel->findAll()
 5 APPPATH\Controllers\Produto.php(67): App\Models\ProdutoModel->exibeProdutosParaCustomizarSegundaMetade(1, 1)
 6 SYSTEMPATH\CodeIgniter.php(919): App\Controllers\Produto->procurar()
 7 SYSTEMPATH\CodeIgniter.php(494): CodeIgniter\CodeIgniter->runController(Object(App\Controllers\Produto))
 8 SYSTEMPATH\CodeIgniter.php(353): CodeIgniter\CodeIgniter->handleRequest(null, Object(Config\Cache), false)
 9 FCPATH\index.php(79): CodeIgniter\CodeIgniter->run()
10 SYSTEMPATH\Commands\Server\rewrite.php(47): require_once('C:\\xampp\\htdocs\\Projeto-Web\\public\\index.php')
ERROR - 2024-09-02 00:16:20 --> mysqli_sql_exception: Column 'id' in where clause is ambiguous in C:\xampp\htdocs\Projeto-Web\system\Database\MySQLi\Connection.php:306
Stack trace:
#0 C:\xampp\htdocs\Projeto-Web\system\Database\MySQLi\Connection.php(306): mysqli->query('SELECT `produto...', 0)
#1 C:\xampp\htdocs\Projeto-Web\system\Database\BaseConnection.php(692): CodeIgniter\Database\MySQLi\Connection->execute('SELECT `produto...')
#2 C:\xampp\htdocs\Projeto-Web\system\Database\BaseConnection.php(606): CodeIgniter\Database\BaseConnection->simpleQuery('SELECT `produto...')
#3 C:\xampp\htdocs\Projeto-Web\system\Database\BaseBuilder.php(1615): CodeIgniter\Database\BaseConnection->query('SELECT `produto...', Array, false)
#4 C:\xampp\htdocs\Projeto-Web\system\Model.php(237): CodeIgniter\Database\BaseBuilder->get()
#5 C:\xampp\htdocs\Projeto-Web\system\BaseModel.php(624): CodeIgniter\Model->doFindAll(0, 0)
#6 C:\xampp\htdocs\Projeto-Web\app\Models\ProdutoModel.php(118): CodeIgniter\BaseModel->findAll()
#7 C:\xampp\htdocs\Projeto-Web\app\Controllers\Produto.php(67): App\Models\ProdutoModel->exibeProdutosParaCustomizarSegundaMetade(4, 1)
#8 C:\xampp\htdocs\Projeto-Web\system\CodeIgniter.php(919): App\Controllers\Produto->procurar()
#9 C:\xampp\htdocs\Projeto-Web\system\CodeIgniter.php(494): CodeIgniter\CodeIgniter->runController(Object(App\Controllers\Produto))
#10 C:\xampp\htdocs\Projeto-Web\system\CodeIgniter.php(353): CodeIgniter\CodeIgniter->handleRequest(NULL, Object(Config\Cache), false)
#11 C:\xampp\htdocs\Projeto-Web\public\index.php(79): CodeIgniter\CodeIgniter->run()
#12 C:\xampp\htdocs\Projeto-Web\system\Commands\Server\rewrite.php(47): require_once('C:\\xampp\\htdocs...')
#13 {main}
CRITICAL - 2024-09-02 00:16:20 --> Column 'id' in where clause is ambiguous
in SYSTEMPATH\Database\BaseConnection.php on line 646.
 1 SYSTEMPATH\Database\BaseBuilder.php(1615): CodeIgniter\Database\BaseConnection->query('SELECT `produtos`.`id`, `produtos`.`nome`
FROM `produtos`
JOIN `produtos_especificacoes` ON `produtos_especificacoes`.`produto_id` = `produtos`.`id`
JOIN `categorias` ON `categorias`.`id` = `produtos`.`categoria_id`
WHERE `id` = :id:
AND `produtos`.`categoria_id` = :produtos.categoria_id:
AND `produtos`.`id` != :produtos.id:
AND `produtos`.`ativo` = :produtos.ativo:
AND `produtos_especificacoes`.`customizavel` = :produtos_especificacoes.customizavel:
AND `produtos`.`deletado_em` IS NULL
GROUP BY `produtos`.`nome`', [...], false)
 2 SYSTEMPATH\Model.php(237): CodeIgniter\Database\BaseBuilder->get()
 3 SYSTEMPATH\BaseModel.php(624): CodeIgniter\Model->doFindAll(0, 0)
 4 APPPATH\Models\ProdutoModel.php(118): CodeIgniter\BaseModel->findAll()
 5 APPPATH\Controllers\Produto.php(67): App\Models\ProdutoModel->exibeProdutosParaCustomizarSegundaMetade(4, 1)
 6 SYSTEMPATH\CodeIgniter.php(919): App\Controllers\Produto->procurar()
 7 SYSTEMPATH\CodeIgniter.php(494): CodeIgniter\CodeIgniter->runController(Object(App\Controllers\Produto))
 8 SYSTEMPATH\CodeIgniter.php(353): CodeIgniter\CodeIgniter->handleRequest(null, Object(Config\Cache), false)
 9 FCPATH\index.php(79): CodeIgniter\CodeIgniter->run()
10 SYSTEMPATH\Commands\Server\rewrite.php(47): require_once('C:\\xampp\\htdocs\\Projeto-Web\\public\\index.php')
INFO - 2024-09-02 21:01:16 --> Session: Class initialized using 'CodeIgniter\Session\Handlers\FileHandler' driver.
INFO - 2024-09-02 21:01:20 --> Session: Class initialized using 'CodeIgniter\Session\Handlers\FileHandler' driver.
INFO - 2024-09-02 21:01:20 --> Session: Class initialized using 'CodeIgniter\Session\Handlers\FileHandler' driver.
INFO - 2024-09-02 21:03:31 --> CSRF token verified.
INFO - 2024-09-02 21:03:32 --> Session: Class initialized using 'CodeIgniter\Session\Handlers\FileHandler' driver.
INFO - 2024-09-02 21:03:32 --> Session: Class initialized using 'CodeIgniter\Session\Handlers\FileHandler' driver.
INFO - 2024-09-02 21:03:38 --> Session: Class initialized using 'CodeIgniter\Session\Handlers\FileHandler' driver.
INFO - 2024-09-02 21:03:39 --> Session: Class initialized using 'CodeIgniter\Session\Handlers\FileHandler' driver.
INFO - 2024-09-02 21:03:42 --> Session: Class initialized using 'CodeIgniter\Session\Handlers\FileHandler' driver.
INFO - 2024-09-02 21:03:44 --> Session: Class initialized using 'CodeIgniter\Session\Handlers\FileHandler' driver.
CRITICAL - 2024-09-02 21:03:44 --> Argument 1 passed to App\Controllers\Admin\Produtos::buscaProdutoOu404() must be of the type int or null, string given, called in C:\xampp\htdocs\Projeto-Web\app\Controllers\Admin\Produtos.php on line 108
in APPPATH\Controllers\Admin\Produtos.php on line 479.
 1 APPPATH\Controllers\Admin\Produtos.php(108): App\Controllers\Admin\Produtos->buscaProdutoOu404('images')
 2 SYSTEMPATH\CodeIgniter.php(919): App\Controllers\Admin\Produtos->show('images', 'logoPizza.jpg')
 3 SYSTEMPATH\CodeIgniter.php(494): CodeIgniter\CodeIgniter->runController(Object(App\Controllers\Admin\Produtos))
 4 SYSTEMPATH\CodeIgniter.php(353): CodeIgniter\CodeIgniter->handleRequest(null, Object(Config\Cache), false)
 5 FCPATH\index.php(79): CodeIgniter\CodeIgniter->run()
 6 SYSTEMPATH\Commands\Server\rewrite.php(47): require_once('C:\\xampp\\htdocs\\Projeto-Web\\public\\index.php')
INFO - 2024-09-02 21:03:44 --> Session: Class initialized using 'CodeIgniter\Session\Handlers\FileHandler' driver.
CRITICAL - 2024-09-02 21:03:44 --> Argument 1 passed to App\Controllers\Admin\Produtos::buscaProdutoOu404() must be of the type int or null, string given, called in C:\xampp\htdocs\Projeto-Web\app\Controllers\Admin\Produtos.php on line 108
in APPPATH\Controllers\Admin\Produtos.php on line 479.
 1 APPPATH\Controllers\Admin\Produtos.php(108): App\Controllers\Admin\Produtos->buscaProdutoOu404('images')
 2 SYSTEMPATH\CodeIgniter.php(919): App\Controllers\Admin\Produtos->show('images', 'logoPizzaSem.png')
 3 SYSTEMPATH\CodeIgniter.php(494): CodeIgniter\CodeIgniter->runController(Object(App\Controllers\Admin\Produtos))
 4 SYSTEMPATH\CodeIgniter.php(353): CodeIgniter\CodeIgniter->handleRequest(null, Object(Config\Cache), false)
 5 FCPATH\index.php(79): CodeIgniter\CodeIgniter->run()
 6 SYSTEMPATH\Commands\Server\rewrite.php(47): require_once('C:\\xampp\\htdocs\\Projeto-Web\\public\\index.php')
INFO - 2024-09-02 21:03:44 --> Session: Class initialized using 'CodeIgniter\Session\Handlers\FileHandler' driver.
CRITICAL - 2024-09-02 21:03:44 --> Argument 1 passed to App\Controllers\Admin\Produtos::buscaProdutoOu404() must be of the type int or null, string given, called in C:\xampp\htdocs\Projeto-Web\app\Controllers\Admin\Produtos.php on line 108
in APPPATH\Controllers\Admin\Produtos.php on line 479.
 1 APPPATH\Controllers\Admin\Produtos.php(108): App\Controllers\Admin\Produtos->buscaProdutoOu404('images')
 2 SYSTEMPATH\CodeIgniter.php(919): App\Controllers\Admin\Produtos->show('images', 'faces', 'face4.jpg')
 3 SYSTEMPATH\CodeIgniter.php(494): CodeIgniter\CodeIgniter->runController(Object(App\Controllers\Admin\Produtos))
 4 SYSTEMPATH\CodeIgniter.php(353): CodeIgniter\CodeIgniter->handleRequest(null, Object(Config\Cache), false)
 5 FCPATH\index.php(79): CodeIgniter\CodeIgniter->run()
 6 SYSTEMPATH\Commands\Server\rewrite.php(47): require_once('C:\\xampp\\htdocs\\Projeto-Web\\public\\index.php')
INFO - 2024-09-02 21:03:44 --> Session: Class initialized using 'CodeIgniter\Session\Handlers\FileHandler' driver.
CRITICAL - 2024-09-02 21:03:44 --> Argument 1 passed to App\Controllers\Admin\Produtos::buscaProdutoOu404() must be of the type int or null, string given, called in C:\xampp\htdocs\Projeto-Web\app\Controllers\Admin\Produtos.php on line 108
in APPPATH\Controllers\Admin\Produtos.php on line 479.
 1 APPPATH\Controllers\Admin\Produtos.php(108): App\Controllers\Admin\Produtos->buscaProdutoOu404('images')
 2 SYSTEMPATH\CodeIgniter.php(919): App\Controllers\Admin\Produtos->show('images', 'faces', 'face2.jpg')
 3 SYSTEMPATH\CodeIgniter.php(494): CodeIgniter\CodeIgniter->runController(Object(App\Controllers\Admin\Produtos))
 4 SYSTEMPATH\CodeIgniter.php(353): CodeIgniter\CodeIgniter->handleRequest(null, Object(Config\Cache), false)
 5 FCPATH\index.php(79): CodeIgniter\CodeIgniter->run()
 6 SYSTEMPATH\Commands\Server\rewrite.php(47): require_once('C:\\xampp\\htdocs\\Projeto-Web\\public\\index.php')
INFO - 2024-09-02 21:03:45 --> Session: Class initialized using 'CodeIgniter\Session\Handlers\FileHandler' driver.
CRITICAL - 2024-09-02 21:03:45 --> Argument 1 passed to App\Controllers\Admin\Produtos::buscaProdutoOu404() must be of the type int or null, string given, called in C:\xampp\htdocs\Projeto-Web\app\Controllers\Admin\Produtos.php on line 108
in APPPATH\Controllers\Admin\Produtos.php on line 479.
 1 APPPATH\Controllers\Admin\Produtos.php(108): App\Controllers\Admin\Produtos->buscaProdutoOu404('images')
 2 SYSTEMPATH\CodeIgniter.php(919): App\Controllers\Admin\Produtos->show('images', 'faces', 'face3.jpg')
 3 SYSTEMPATH\CodeIgniter.php(494): CodeIgniter\CodeIgniter->runController(Object(App\Controllers\Admin\Produtos))
 4 SYSTEMPATH\CodeIgniter.php(353): CodeIgniter\CodeIgniter->handleRequest(null, Object(Config\Cache), false)
 5 FCPATH\index.php(79): CodeIgniter\CodeIgniter->run()
 6 SYSTEMPATH\Commands\Server\rewrite.php(47): require_once('C:\\xampp\\htdocs\\Projeto-Web\\public\\index.php')
INFO - 2024-09-02 21:03:45 --> Session: Class initialized using 'CodeIgniter\Session\Handlers\FileHandler' driver.
CRITICAL - 2024-09-02 21:03:45 --> Argument 1 passed to App\Controllers\Admin\Produtos::buscaProdutoOu404() must be of the type int or null, string given, called in C:\xampp\htdocs\Projeto-Web\app\Controllers\Admin\Produtos.php on line 108
in APPPATH\Controllers\Admin\Produtos.php on line 479.
 1 APPPATH\Controllers\Admin\Produtos.php(108): App\Controllers\Admin\Produtos->buscaProdutoOu404('images')
 2 SYSTEMPATH\CodeIgniter.php(919): App\Controllers\Admin\Produtos->show('images', 'faces', 'face5.jpg')
 3 SYSTEMPATH\CodeIgniter.php(494): CodeIgniter\CodeIgniter->runController(Object(App\Controllers\Admin\Produtos))
 4 SYSTEMPATH\CodeIgniter.php(353): CodeIgniter\CodeIgniter->handleRequest(null, Object(Config\Cache), false)
 5 FCPATH\index.php(79): CodeIgniter\CodeIgniter->run()
 6 SYSTEMPATH\Commands\Server\rewrite.php(47): require_once('C:\\xampp\\htdocs\\Projeto-Web\\public\\index.php')
INFO - 2024-09-02 21:03:45 --> Session: Class initialized using 'CodeIgniter\Session\Handlers\FileHandler' driver.
INFO - 2024-09-02 21:04:02 --> Session: Class initialized using 'CodeIgniter\Session\Handlers\FileHandler' driver.
INFO - 2024-09-02 21:04:06 --> Session: Class initialized using 'CodeIgniter\Session\Handlers\FileHandler' driver.
INFO - 2024-09-02 21:04:07 --> Session: Class initialized using 'CodeIgniter\Session\Handlers\FileHandler' driver.
INFO - 2024-09-02 21:04:08 --> Session: Class initialized using 'CodeIgniter\Session\Handlers\FileHandler' driver.
INFO - 2024-09-02 21:04:08 --> Session: Class initialized using 'CodeIgniter\Session\Handlers\FileHandler' driver.
INFO - 2024-09-02 21:04:08 --> Session: Class initialized using 'CodeIgniter\Session\Handlers\FileHandler' driver.
INFO - 2024-09-02 21:04:08 --> Session: Class initialized using 'CodeIgniter\Session\Handlers\FileHandler' driver.
INFO - 2024-09-02 21:04:09 --> Session: Class initialized using 'CodeIgniter\Session\Handlers\FileHandler' driver.
INFO - 2024-09-02 21:04:17 --> Session: Class initialized using 'CodeIgniter\Session\Handlers\FileHandler' driver.
INFO - 2024-09-02 21:04:30 --> Session: Class initialized using 'CodeIgniter\Session\Handlers\FileHandler' driver.
INFO - 2024-09-02 21:04:52 --> Session: Class initialized using 'CodeIgniter\Session\Handlers\FileHandler' driver.
INFO - 2024-09-02 21:05:30 --> CSRF token verified.
INFO - 2024-09-02 21:05:31 --> Session: Class initialized using 'CodeIgniter\Session\Handlers\FileHandler' driver.
INFO - 2024-09-02 21:05:31 --> Session: Class initialized using 'CodeIgniter\Session\Handlers\FileHandler' driver.
